<?xml version="1.0" encoding="UTF-8"?>
<robot generator="Robot 5.0.1 (Python 3.11.3 on win32)" generated="20230908 16:11:25.011" rpa="false" schemaversion="3">
<suite id="s1" name="Python Pytest" source="C:\Users\PavanB-3247\PycharmProjects\python_pytest">
<suite id="s1-s1" name="Resource" source="C:\Users\PavanB-3247\PycharmProjects\python_pytest\resource">
<suite id="s1-s1-s1" name="First Testcase1" source="C:\Users\PavanB-3247\PycharmProjects\python_pytest\resource\first_testcase1">
<suite id="s1-s1-s1-s1" name="3Rd Testcase" source="C:\Users\PavanB-3247\PycharmProjects\python_pytest\resource\first_testcase1\3rd_testcase.robot">
<test id="s1-s1-s1-s1-t1" name="Automating login Hros" line="6">
<kw name="Launch HROS Browser" library="firstpo">
<kw name="Open Application" library="common_keywords">
<arg>${url_hros}</arg>
<kw name="Open Browser" library="SeleniumLibrary">
<arg>${url}</arg>
<arg>Chrome</arg>
<doc>Opens a new browser instance to the optional ``url``.</doc>
<msg timestamp="20230908 16:11:25.211" level="INFO">Opening browser 'Chrome' to base url 'https://terralogic.paxanimi.ai/login'.</msg>
<status status="PASS" starttime="20230908 16:11:25.211" endtime="20230908 16:11:33.750"/>
</kw>
<status status="PASS" starttime="20230908 16:11:25.211" endtime="20230908 16:11:33.750"/>
</kw>
<status status="PASS" starttime="20230908 16:11:25.211" endtime="20230908 16:11:33.750"/>
</kw>
<kw name="Maximize Browser Window" library="SeleniumLibrary">
<doc>Maximizes current browser window.</doc>
<status status="PASS" starttime="20230908 16:11:33.750" endtime="20230908 16:11:33.877"/>
</kw>
<kw name="Sleep" library="BuiltIn">
<arg>3s</arg>
<doc>Pauses the test executed for the given time.</doc>
<msg timestamp="20230908 16:11:36.880" level="INFO">Slept 3 seconds</msg>
<status status="PASS" starttime="20230908 16:11:33.878" endtime="20230908 16:11:36.880"/>
</kw>
<kw name="Click Terralogic Button" library="firstpo">
<kw name="Click Buttons" library="common_keywords">
<arg>${click_terralogic}</arg>
<kw name="Click Button" library="SeleniumLibrary">
<arg>${Button_xpath}</arg>
<doc>Clicks the button identified by ``locator``.</doc>
<msg timestamp="20230908 16:11:36.880" level="INFO">Clicking button 'xpath://button[@type="button"]'.</msg>
<status status="PASS" starttime="20230908 16:11:36.880" endtime="20230908 16:11:36.962"/>
</kw>
<status status="PASS" starttime="20230908 16:11:36.880" endtime="20230908 16:11:36.962"/>
</kw>
<status status="PASS" starttime="20230908 16:11:36.880" endtime="20230908 16:11:36.962"/>
</kw>
<kw name="Sleep" library="BuiltIn">
<arg>3s</arg>
<doc>Pauses the test executed for the given time.</doc>
<msg timestamp="20230908 16:11:39.963" level="INFO">Slept 3 seconds</msg>
<status status="PASS" starttime="20230908 16:11:36.962" endtime="20230908 16:11:39.963"/>
</kw>
<kw name="Get Window Handles" library="SeleniumLibrary">
<var>${handles}</var>
<doc>Returns all child window handles of the selected browser as a list.</doc>
<msg timestamp="20230908 16:11:39.970" level="INFO">${handles} = ['E260065A69880D19C0E38060DE0E3D1B', 'B96F5EF8B7B2B4909F6C529F55445772']</msg>
<status status="PASS" starttime="20230908 16:11:39.964" endtime="20230908 16:11:39.970"/>
</kw>
<kw name="Switch Window" library="SeleniumLibrary">
<arg>${handles}[1]</arg>
<doc>Switches to browser window matching ``locator``.</doc>
<status status="PASS" starttime="20230908 16:11:39.970" endtime="20230908 16:11:40.002"/>
</kw>
<kw name="Sleep" library="BuiltIn">
<arg>3s</arg>
<doc>Pauses the test executed for the given time.</doc>
<msg timestamp="20230908 16:11:43.002" level="INFO">Slept 3 seconds</msg>
<status status="PASS" starttime="20230908 16:11:40.002" endtime="20230908 16:11:43.002"/>
</kw>
<kw name="Log To Console" library="BuiltIn">
<arg>${handles}</arg>
<doc>Logs the given message to the console.</doc>
<status status="PASS" starttime="20230908 16:11:43.003" endtime="20230908 16:11:43.004"/>
</kw>
<kw name="Enter emailids and Passwords" library="firstpo">
<kw name="Enter emailid and Password" library="common_keywords">
<arg>${emilid_hros}</arg>
<arg>${password_hros}</arg>
<arg>${email_hros}</arg>
<arg>${passwords_hros}</arg>
<kw name="Input Text" library="SeleniumLibrary">
<arg>xpath:${u_xpath}</arg>
<arg>${username}</arg>
<doc>Types the given ``text`` into the text field identified by ``locator``.</doc>
<msg timestamp="20230908 16:11:43.007" level="INFO">Typing text 'pavan.buchipalli@terralogic.com' into text field 'xpath://input[@type="email"]'.</msg>
<status status="PASS" starttime="20230908 16:11:43.007" endtime="20230908 16:11:43.136"/>
</kw>
<kw name="Sleep" library="BuiltIn">
<arg>5s</arg>
<doc>Pauses the test executed for the given time.</doc>
<msg timestamp="20230908 16:11:48.136" level="INFO">Slept 5 seconds</msg>
<status status="PASS" starttime="20230908 16:11:43.136" endtime="20230908 16:11:48.136"/>
</kw>
<kw name="Click Buttons" library="common_keywords">
<arg>${next_email_hros}</arg>
<kw name="Click Button" library="SeleniumLibrary">
<arg>${Button_xpath}</arg>
<doc>Clicks the button identified by ``locator``.</doc>
<msg timestamp="20230908 16:11:48.136" level="INFO">Clicking button 'xpath://span[text()='Next']//parent::button'.</msg>
<status status="PASS" starttime="20230908 16:11:48.136" endtime="20230908 16:11:48.257"/>
</kw>
<status status="PASS" starttime="20230908 16:11:48.136" endtime="20230908 16:11:48.258"/>
</kw>
<kw name="Sleep" library="BuiltIn">
<arg>5s</arg>
<doc>Pauses the test executed for the given time.</doc>
<msg timestamp="20230908 16:11:53.258" level="INFO">Slept 5 seconds</msg>
<status status="PASS" starttime="20230908 16:11:48.258" endtime="20230908 16:11:53.258"/>
</kw>
<kw name="Input Text" library="SeleniumLibrary">
<arg>xpath:${p_xpath}</arg>
<arg>${password}</arg>
<doc>Types the given ``text`` into the text field identified by ``locator``.</doc>
<msg timestamp="20230908 16:11:53.258" level="INFO">Typing text 'Yugesh@05' into text field 'xpath://input[@type="password"]'.</msg>
<status status="PASS" starttime="20230908 16:11:53.258" endtime="20230908 16:11:53.353"/>
</kw>
<kw name="Click Buttons" library="common_keywords">
<arg>${next_password_hros}</arg>
<kw name="Click Button" library="SeleniumLibrary">
<arg>${Button_xpath}</arg>
<doc>Clicks the button identified by ``locator``.</doc>
<msg timestamp="20230908 16:11:53.353" level="INFO">Clicking button 'xpath://span[text()='Next']/..'.</msg>
<status status="PASS" starttime="20230908 16:11:53.353" endtime="20230908 16:11:53.423"/>
</kw>
<status status="PASS" starttime="20230908 16:11:53.353" endtime="20230908 16:11:53.423"/>
</kw>
<status status="PASS" starttime="20230908 16:11:43.006" endtime="20230908 16:11:53.423"/>
</kw>
<status status="PASS" starttime="20230908 16:11:43.005" endtime="20230908 16:11:53.423"/>
</kw>
<kw name="Sleep" library="BuiltIn">
<arg>3s</arg>
<doc>Pauses the test executed for the given time.</doc>
<msg timestamp="20230908 16:11:56.424" level="INFO">Slept 3 seconds</msg>
<status status="PASS" starttime="20230908 16:11:53.424" endtime="20230908 16:11:56.424"/>
</kw>
<kw name="Switch Window" library="SeleniumLibrary">
<arg>${handles}[0]</arg>
<doc>Switches to browser window matching ``locator``.</doc>
<status status="PASS" starttime="20230908 16:11:56.426" endtime="20230908 16:11:56.445"/>
</kw>
<kw name="Sleep" library="BuiltIn">
<arg>25s</arg>
<doc>Pauses the test executed for the given time.</doc>
<msg timestamp="20230908 16:12:21.446" level="INFO">Slept 25 seconds</msg>
<status status="PASS" starttime="20230908 16:11:56.445" endtime="20230908 16:12:21.446"/>
</kw>
<kw name="Get Title" library="SeleniumLibrary">
<var>${title}</var>
<doc>Returns the title of the current page.</doc>
<msg timestamp="20230908 16:12:21.465" level="INFO">${title} = Home</msg>
<status status="PASS" starttime="20230908 16:12:21.446" endtime="20230908 16:12:21.465"/>
</kw>
<kw name="Log To Console" library="BuiltIn">
<arg>${title}</arg>
<doc>Logs the given message to the console.</doc>
<status status="PASS" starttime="20230908 16:12:21.465" endtime="20230908 16:12:21.465"/>
</kw>
<kw name="Sleep" library="BuiltIn">
<arg>30s</arg>
<doc>Pauses the test executed for the given time.</doc>
<msg timestamp="20230908 16:12:51.466" level="INFO">Slept 30 seconds</msg>
<status status="PASS" starttime="20230908 16:12:21.465" endtime="20230908 16:12:51.466"/>
</kw>
<kw name="timesheet_click" library="firstpo">
<kw name="click_on_element" library="common_keywords">
<arg>${timesheet_xpath}</arg>
<kw name="Click Element" library="SeleniumLibrary">
<arg>Xpath:${element_path}</arg>
<doc>Click the element identified by ``locator``.</doc>
<msg timestamp="20230908 16:12:51.468" level="INFO">Clicking element 'Xpath:(//span[@class="ant-menu-title-content"]/a)[2]'.</msg>
<status status="PASS" starttime="20230908 16:12:51.468" endtime="20230908 16:12:51.580"/>
</kw>
<status status="PASS" starttime="20230908 16:12:51.466" endtime="20230908 16:12:51.580"/>
</kw>
<status status="PASS" starttime="20230908 16:12:51.466" endtime="20230908 16:12:51.580"/>
</kw>
<kw name="Sleep" library="BuiltIn">
<arg>3s</arg>
<doc>Pauses the test executed for the given time.</doc>
<msg timestamp="20230908 16:12:54.581" level="INFO">Slept 3 seconds</msg>
<status status="PASS" starttime="20230908 16:12:51.581" endtime="20230908 16:12:54.581"/>
</kw>
<kw name="move_out_timesheet" library="firstpo">
<kw name="move_on_manager" library="common_keywords">
<arg>${timesheet_xpath}</arg>
<kw name="Mouse Out" library="SeleniumLibrary">
<arg>Xpath:${managesr}</arg>
<doc>Simulates moving the mouse away from the element ``locator``.</doc>
<msg timestamp="20230908 16:12:54.581" level="INFO">Simulating Mouse Out on element 'Xpath:(//span[@class="ant-menu-title-content"]/a)[2]'.</msg>
<status status="PASS" starttime="20230908 16:12:54.581" endtime="20230908 16:12:55.190"/>
</kw>
<status status="PASS" starttime="20230908 16:12:54.581" endtime="20230908 16:12:55.190"/>
</kw>
<status status="PASS" starttime="20230908 16:12:54.581" endtime="20230908 16:12:55.190"/>
</kw>
<kw name="Sleep" library="BuiltIn">
<arg>3s</arg>
<doc>Pauses the test executed for the given time.</doc>
<msg timestamp="20230908 16:12:58.193" level="INFO">Slept 3 seconds</msg>
<status status="PASS" starttime="20230908 16:12:55.191" endtime="20230908 16:12:58.193"/>
</kw>
<for flavor="IN RANGE">
<var>${i}</var>
<value>1</value>
<value>6</value>
<iter>
<var name="${i}">1</var>
<kw name="Click Element" library="SeleniumLibrary">
<arg>xpath:(//img[contains(@src, '/static/timesheetCheck.bf9bab90.svg')])[${i}]</arg>
<doc>Click the element identified by ``locator``.</doc>
<msg timestamp="20230908 16:12:58.193" level="INFO">Clicking element 'xpath:(//img[contains(@src, '/static/timesheetCheck.bf9bab90.svg')])[1]'.</msg>
<status status="PASS" starttime="20230908 16:12:58.193" endtime="20230908 16:12:58.303"/>
</kw>
<kw name="Sleep" library="BuiltIn">
<arg>3s</arg>
<doc>Pauses the test executed for the given time.</doc>
<msg timestamp="20230908 16:13:01.303" level="INFO">Slept 3 seconds</msg>
<status status="PASS" starttime="20230908 16:12:58.303" endtime="20230908 16:13:01.303"/>
</kw>
<kw name="Sleep" library="BuiltIn">
<arg>10</arg>
<doc>Pauses the test executed for the given time.</doc>
<msg timestamp="20230908 16:13:11.304" level="INFO">Slept 10 seconds</msg>
<status status="PASS" starttime="20230908 16:13:01.303" endtime="20230908 16:13:11.304"/>
</kw>
<kw name="Go Back" library="SeleniumLibrary">
<doc>Simulates the user clicking the back button on their browser.</doc>
<status status="PASS" starttime="20230908 16:13:11.304" endtime="20230908 16:13:11.478"/>
</kw>
<kw name="Sleep" library="BuiltIn">
<arg>7s</arg>
<doc>Pauses the test executed for the given time.</doc>
<msg timestamp="20230908 16:13:18.479" level="INFO">Slept 7 seconds</msg>
<status status="PASS" starttime="20230908 16:13:11.478" endtime="20230908 16:13:18.479"/>
</kw>
<status status="PASS" starttime="20230908 16:12:58.193" endtime="20230908 16:13:18.479"/>
</iter>
<iter>
<var name="${i}">2</var>
<kw name="Click Element" library="SeleniumLibrary">
<arg>xpath:(//img[contains(@src, '/static/timesheetCheck.bf9bab90.svg')])[${i}]</arg>
<doc>Click the element identified by ``locator``.</doc>
<msg timestamp="20230908 16:13:18.479" level="INFO">Clicking element 'xpath:(//img[contains(@src, '/static/timesheetCheck.bf9bab90.svg')])[2]'.</msg>
<status status="PASS" starttime="20230908 16:13:18.479" endtime="20230908 16:13:18.606"/>
</kw>
<kw name="Sleep" library="BuiltIn">
<arg>3s</arg>
<doc>Pauses the test executed for the given time.</doc>
<msg timestamp="20230908 16:13:21.606" level="INFO">Slept 3 seconds</msg>
<status status="PASS" starttime="20230908 16:13:18.606" endtime="20230908 16:13:21.606"/>
</kw>
<kw name="Sleep" library="BuiltIn">
<arg>10</arg>
<doc>Pauses the test executed for the given time.</doc>
<msg timestamp="20230908 16:13:31.607" level="INFO">Slept 10 seconds</msg>
<status status="PASS" starttime="20230908 16:13:21.606" endtime="20230908 16:13:31.607"/>
</kw>
<kw name="Go Back" library="SeleniumLibrary">
<doc>Simulates the user clicking the back button on their browser.</doc>
<status status="PASS" starttime="20230908 16:13:31.607" endtime="20230908 16:13:31.752"/>
</kw>
<kw name="Sleep" library="BuiltIn">
<arg>7s</arg>
<doc>Pauses the test executed for the given time.</doc>
<msg timestamp="20230908 16:13:38.754" level="INFO">Slept 7 seconds</msg>
<status status="PASS" starttime="20230908 16:13:31.752" endtime="20230908 16:13:38.754"/>
</kw>
<status status="PASS" starttime="20230908 16:13:18.479" endtime="20230908 16:13:38.754"/>
</iter>
<iter>
<var name="${i}">3</var>
<kw name="Click Element" library="SeleniumLibrary">
<arg>xpath:(//img[contains(@src, '/static/timesheetCheck.bf9bab90.svg')])[${i}]</arg>
<doc>Click the element identified by ``locator``.</doc>
<msg timestamp="20230908 16:13:38.754" level="INFO">Clicking element 'xpath:(//img[contains(@src, '/static/timesheetCheck.bf9bab90.svg')])[3]'.</msg>
<status status="PASS" starttime="20230908 16:13:38.754" endtime="20230908 16:13:38.862"/>
</kw>
<kw name="Sleep" library="BuiltIn">
<arg>3s</arg>
<doc>Pauses the test executed for the given time.</doc>
<msg timestamp="20230908 16:13:41.864" level="INFO">Slept 3 seconds</msg>
<status status="PASS" starttime="20230908 16:13:38.862" endtime="20230908 16:13:41.864"/>
</kw>
<kw name="Sleep" library="BuiltIn">
<arg>10</arg>
<doc>Pauses the test executed for the given time.</doc>
<msg timestamp="20230908 16:13:51.864" level="INFO">Slept 10 seconds</msg>
<status status="PASS" starttime="20230908 16:13:41.864" endtime="20230908 16:13:51.864"/>
</kw>
<kw name="Go Back" library="SeleniumLibrary">
<doc>Simulates the user clicking the back button on their browser.</doc>
<status status="PASS" starttime="20230908 16:13:51.864" endtime="20230908 16:13:52.003"/>
</kw>
<kw name="Sleep" library="BuiltIn">
<arg>7s</arg>
<doc>Pauses the test executed for the given time.</doc>
<msg timestamp="20230908 16:13:59.003" level="INFO">Slept 7 seconds</msg>
<status status="PASS" starttime="20230908 16:13:52.003" endtime="20230908 16:13:59.003"/>
</kw>
<status status="PASS" starttime="20230908 16:13:38.754" endtime="20230908 16:13:59.003"/>
</iter>
<iter>
<var name="${i}">4</var>
<kw name="Click Element" library="SeleniumLibrary">
<arg>xpath:(//img[contains(@src, '/static/timesheetCheck.bf9bab90.svg')])[${i}]</arg>
<doc>Click the element identified by ``locator``.</doc>
<msg timestamp="20230908 16:13:59.003" level="INFO">Clicking element 'xpath:(//img[contains(@src, '/static/timesheetCheck.bf9bab90.svg')])[4]'.</msg>
<status status="PASS" starttime="20230908 16:13:59.003" endtime="20230908 16:13:59.110"/>
</kw>
<kw name="Sleep" library="BuiltIn">
<arg>3s</arg>
<doc>Pauses the test executed for the given time.</doc>
<msg timestamp="20230908 16:14:02.111" level="INFO">Slept 3 seconds</msg>
<status status="PASS" starttime="20230908 16:13:59.110" endtime="20230908 16:14:02.111"/>
</kw>
<kw name="Sleep" library="BuiltIn">
<arg>10</arg>
<doc>Pauses the test executed for the given time.</doc>
<msg timestamp="20230908 16:14:12.111" level="INFO">Slept 10 seconds</msg>
<status status="PASS" starttime="20230908 16:14:02.111" endtime="20230908 16:14:12.111"/>
</kw>
<kw name="Go Back" library="SeleniumLibrary">
<doc>Simulates the user clicking the back button on their browser.</doc>
<status status="PASS" starttime="20230908 16:14:12.111" endtime="20230908 16:14:12.259"/>
</kw>
<kw name="Sleep" library="BuiltIn">
<arg>7s</arg>
<doc>Pauses the test executed for the given time.</doc>
<msg timestamp="20230908 16:14:19.260" level="INFO">Slept 7 seconds</msg>
<status status="PASS" starttime="20230908 16:14:12.259" endtime="20230908 16:14:19.260"/>
</kw>
<status status="PASS" starttime="20230908 16:13:59.003" endtime="20230908 16:14:19.260"/>
</iter>
<iter>
<var name="${i}">5</var>
<kw name="Click Element" library="SeleniumLibrary">
<arg>xpath:(//img[contains(@src, '/static/timesheetCheck.bf9bab90.svg')])[${i}]</arg>
<doc>Click the element identified by ``locator``.</doc>
<msg timestamp="20230908 16:14:19.260" level="INFO">Clicking element 'xpath:(//img[contains(@src, '/static/timesheetCheck.bf9bab90.svg')])[5]'.</msg>
<status status="PASS" starttime="20230908 16:14:19.260" endtime="20230908 16:14:19.371"/>
</kw>
<kw name="Sleep" library="BuiltIn">
<arg>3s</arg>
<doc>Pauses the test executed for the given time.</doc>
<msg timestamp="20230908 16:14:22.371" level="INFO">Slept 3 seconds</msg>
<status status="PASS" starttime="20230908 16:14:19.371" endtime="20230908 16:14:22.371"/>
</kw>
<kw name="Sleep" library="BuiltIn">
<arg>10</arg>
<doc>Pauses the test executed for the given time.</doc>
<msg timestamp="20230908 16:14:32.372" level="INFO">Slept 10 seconds</msg>
<status status="PASS" starttime="20230908 16:14:22.371" endtime="20230908 16:14:32.372"/>
</kw>
<kw name="Go Back" library="SeleniumLibrary">
<doc>Simulates the user clicking the back button on their browser.</doc>
<status status="PASS" starttime="20230908 16:14:32.372" endtime="20230908 16:14:32.492"/>
</kw>
<kw name="Sleep" library="BuiltIn">
<arg>7s</arg>
<doc>Pauses the test executed for the given time.</doc>
<msg timestamp="20230908 16:14:39.492" level="INFO">Slept 7 seconds</msg>
<status status="PASS" starttime="20230908 16:14:32.492" endtime="20230908 16:14:39.492"/>
</kw>
<status status="PASS" starttime="20230908 16:14:19.260" endtime="20230908 16:14:39.492"/>
</iter>
<status status="PASS" starttime="20230908 16:12:58.193" endtime="20230908 16:14:39.492"/>
</for>
<status status="PASS" starttime="20230908 16:11:25.211" endtime="20230908 16:14:39.494"/>
</test>
<status status="PASS" starttime="20230908 16:11:25.035" endtime="20230908 16:14:39.494"/>
</suite>
<status status="PASS" starttime="20230908 16:11:25.035" endtime="20230908 16:14:39.494"/>
</suite>
<status status="PASS" starttime="20230908 16:11:25.035" endtime="20230908 16:14:39.494"/>
</suite>
<status status="PASS" starttime="20230908 16:11:25.020" endtime="20230908 16:14:39.494"/>
</suite>
<statistics>
<total>
<stat pass="1" fail="0" skip="0">All Tests</stat>
</total>
<tag>
</tag>
<suite>
<stat pass="1" fail="0" skip="0" id="s1" name="Python Pytest">Python Pytest</stat>
<stat pass="1" fail="0" skip="0" id="s1-s1" name="Resource">Python Pytest.Resource</stat>
<stat pass="1" fail="0" skip="0" id="s1-s1-s1" name="First Testcase1">Python Pytest.Resource.First Testcase1</stat>
<stat pass="1" fail="0" skip="0" id="s1-s1-s1-s1" name="3Rd Testcase">Python Pytest.Resource.First Testcase1.3Rd Testcase</stat>
</suite>
</statistics>
<errors>
</errors>
</robot>
