<?xml version="1.0" encoding="UTF-8"?>
<robot generator="Robot 6.0.2 (Python 3.11.3 on win32)" generated="20230424 17:17:00.591" rpa="false" schemaversion="3">
<suite id="s1" name="pythonProject" source="C:\Users\PavanB-3247\PycharmProjects\pythonProject">
<suite id="s1-s1" name="Create New Task" source="C:\Users\PavanB-3247\PycharmProjects\pythonProject\create_new_task.robot">
<test id="s1-s1-t1" name="Create and Run Script and Get PID" line="16">
<kw name="Open Connection" library="SSHLibrary">
<arg>${HOSTNAME}</arg>
<doc>Opens a new SSH connection to the given ``host`` and ``port``.</doc>
<status status="PASS" starttime="20230424 17:17:00.788" endtime="20230424 17:17:00.788"/>
</kw>
<kw name="Login" library="SSHLibrary">
<arg>${USERNAME}</arg>
<arg>${PASSWORD}</arg>
<doc>Logs into the SSH server with the given ``username`` and ``password``.</doc>
<msg timestamp="20230424 17:17:00.789" level="INFO">Logging into '192.168.250.84:22' as 'pavan'.</msg>
<msg timestamp="20230424 17:17:02.008" level="INFO">Read output: Welcome to Ubuntu 22.04.2 LTS (GNU/Linux 5.19.0-38-generic x86_64)

 * Documentation:  https://help.ubuntu.com
 * Management:     https://landscape.canonical.com
 * Support:        https://ubuntu.com/advantage

 * Introducing Expanded Security Maintenance for Applications.
   Receive updates to over 25,000 software packages with your
   Ubuntu Pro subscription. Free for personal use.

     https://ubuntu.com/pro

Expanded Security Maintenance for Applications is not enabled.

90 updates can be applied immediately.
To see these additional updates run: apt list --upgradable

Enable ESM Apps to receive additional future security updates.
See https://ubuntu.com/esm or run: sudo pro status

Last login: Mon Apr 24 17:16:33 2023 from 192.168.250.19
[?2004hpavan@ubuntu20:~$</msg>
<status status="PASS" starttime="20230424 17:17:00.789" endtime="20230424 17:17:02.008"/>
</kw>
<status status="PASS" starttime="20230424 17:17:00.787" endtime="20230424 17:17:02.008"/>
</test>
<test id="s1-s1-t2" name="Get system information&#10;" line="20">
<kw name="Execute Command" library="SSHLibrary">
<var>${username}</var>
<arg>whoami</arg>
<doc>Executes ``command`` on the remote machine and returns its outputs.</doc>
<msg timestamp="20230424 17:17:02.010" level="INFO">Executing command 'whoami'.</msg>
<msg timestamp="20230424 17:17:02.023" level="INFO">Command exited with return code 0.</msg>
<msg timestamp="20230424 17:17:02.023" level="INFO">${username} = pavan</msg>
<status status="PASS" starttime="20230424 17:17:02.009" endtime="20230424 17:17:02.023"/>
</kw>
<kw name="Execute Command" library="SSHLibrary">
<var>${id}</var>
<arg>id -u</arg>
<doc>Executes ``command`` on the remote machine and returns its outputs.</doc>
<msg timestamp="20230424 17:17:02.024" level="INFO">Executing command 'id -u'.</msg>
<msg timestamp="20230424 17:17:02.070" level="INFO">Command exited with return code 0.</msg>
<msg timestamp="20230424 17:17:02.070" level="INFO">${id} = 1000</msg>
<status status="PASS" starttime="20230424 17:17:02.024" endtime="20230424 17:17:02.070"/>
</kw>
<kw name="Execute Command" library="SSHLibrary">
<var>${top_processes}</var>
<arg>ps -eo pid,ppid,cmd,%mem,%cpu --sort=-%mem | head -n 6</arg>
<doc>Executes ``command`` on the remote machine and returns its outputs.</doc>
<msg timestamp="20230424 17:17:02.071" level="INFO">Executing command 'ps -eo pid,ppid,cmd,%mem,%cpu --sort=-%mem | head -n 6'.</msg>
<msg timestamp="20230424 17:17:02.130" level="INFO">Command exited with return code 0.</msg>
<msg timestamp="20230424 17:17:02.130" level="INFO">${top_processes} =     PID    PPID CMD                         %MEM %CPU
   1564    1412 /usr/bin/gnome-shell         8.4  0.4
   1808    1546 /usr/libexec/evolution-data  1.5  0.0
   2052    1412 /usr/libexec/gnome-ter...</msg>
<status status="PASS" starttime="20230424 17:17:02.071" endtime="20230424 17:17:02.130"/>
</kw>
<kw name="Log To Console" library="BuiltIn">
<arg>Remote server username is ${username}</arg>
<doc>Logs the given message to the console.</doc>
<status status="PASS" starttime="20230424 17:17:02.130" endtime="20230424 17:17:02.130"/>
</kw>
<kw name="Log To Console" library="BuiltIn">
<arg>Remote server id is ${id}</arg>
<doc>Logs the given message to the console.</doc>
<status status="PASS" starttime="20230424 17:17:02.130" endtime="20230424 17:17:02.131"/>
</kw>
<kw name="Log To Console" library="BuiltIn">
<arg>${top_processes}</arg>
<doc>Logs the given message to the console.</doc>
<status status="PASS" starttime="20230424 17:17:02.132" endtime="20230424 17:17:02.132"/>
</kw>
<kw name="Execute Command" library="SSHLibrary">
<arg>touch ${path}</arg>
<arg>shell=True</arg>
<doc>Executes ``command`` on the remote machine and returns its outputs.</doc>
<msg timestamp="20230424 17:17:02.133" level="INFO">Executing command 'touch /home/pavan/pavan32l.py'.</msg>
<msg timestamp="20230424 17:17:02.175" level="INFO">Command exited with return code 0.</msg>
<status status="PASS" starttime="20230424 17:17:02.133" endtime="20230424 17:17:02.175"/>
</kw>
<kw name="Execute Command" library="SSHLibrary">
<arg>echo "${data}" &gt; ${path}</arg>
<doc>Executes ``command`` on the remote machine and returns its outputs.</doc>
<msg timestamp="20230424 17:17:02.176" level="INFO">Executing command 'echo "import time
for i in range(1,100):
	time.sleep(i)" &gt; /home/pavan/pavan32l.py'.</msg>
<msg timestamp="20230424 17:17:02.223" level="INFO">Command exited with return code 0.</msg>
<status status="PASS" starttime="20230424 17:17:02.176" endtime="20230424 17:17:02.223"/>
</kw>
<kw name="Execute Command" library="SSHLibrary">
<arg>chmod +x ${path}</arg>
<doc>Executes ``command`` on the remote machine and returns its outputs.</doc>
<msg timestamp="20230424 17:17:02.224" level="INFO">Executing command 'chmod +x /home/pavan/pavan32l.py'.</msg>
<msg timestamp="20230424 17:17:02.270" level="INFO">Command exited with return code 0.</msg>
<status status="PASS" starttime="20230424 17:17:02.223" endtime="20230424 17:17:02.270"/>
</kw>
<kw name="Set Variable" library="BuiltIn">
<var>${background}</var>
<arg>nohup python3 ${path} &gt; output.log 2&gt;&amp;1 &amp;</arg>
<doc>Returns the given values which can then be assigned to a variables.</doc>
<msg timestamp="20230424 17:17:02.271" level="INFO">${background} = nohup python3 /home/pavan/pavan32l.py &gt; output.log 2&gt;&amp;1 &amp;</msg>
<status status="PASS" starttime="20230424 17:17:02.271" endtime="20230424 17:17:02.271"/>
</kw>
<kw name="Execute Command" library="SSHLibrary">
<var>${stdout}</var>
<arg>${background}</arg>
<doc>Executes ``command`` on the remote machine and returns its outputs.</doc>
<msg timestamp="20230424 17:17:02.272" level="INFO">Executing command 'nohup python3 /home/pavan/pavan32l.py &gt; output.log 2&gt;&amp;1 &amp;'.</msg>
<msg timestamp="20230424 17:17:02.318" level="INFO">Command exited with return code 0.</msg>
<msg timestamp="20230424 17:17:02.318" level="INFO">${stdout} = </msg>
<status status="PASS" starttime="20230424 17:17:02.271" endtime="20230424 17:17:02.318"/>
</kw>
<kw name="Set Variable" library="BuiltIn">
<var>${taskmanager}</var>
<arg>ps aux | grep ${path} | grep -v grep</arg>
<doc>Returns the given values which can then be assigned to a variables.</doc>
<msg timestamp="20230424 17:17:02.318" level="INFO">${taskmanager} = ps aux | grep /home/pavan/pavan32l.py | grep -v grep</msg>
<status status="PASS" starttime="20230424 17:17:02.318" endtime="20230424 17:17:02.318"/>
</kw>
<kw name="Execute Command" library="SSHLibrary">
<var>${output}</var>
<arg>${taskmanager}</arg>
<doc>Executes ``command`` on the remote machine and returns its outputs.</doc>
<msg timestamp="20230424 17:17:02.319" level="INFO">Executing command 'ps aux | grep /home/pavan/pavan32l.py | grep -v grep'.</msg>
<msg timestamp="20230424 17:17:02.377" level="INFO">Command exited with return code 0.</msg>
<msg timestamp="20230424 17:17:02.377" level="INFO">${output} = pavan       3327  0.0  0.2  28568  8800 ?        S    17:17   0:00 python3 /home/pavan/pavan32l.py</msg>
<status status="PASS" starttime="20230424 17:17:02.319" endtime="20230424 17:17:02.377"/>
</kw>
<kw name="Set Variable" library="BuiltIn">
<var>${pid}</var>
<arg>${output.split()[1]}</arg>
<doc>Returns the given values which can then be assigned to a variables.</doc>
<msg timestamp="20230424 17:17:02.378" level="INFO">${pid} = 3327</msg>
<status status="PASS" starttime="20230424 17:17:02.378" endtime="20230424 17:17:02.378"/>
</kw>
<kw name="Log To Console" library="BuiltIn">
<arg>Process ID of new task is : ${pid}</arg>
<doc>Logs the given message to the console.</doc>
<status status="PASS" starttime="20230424 17:17:02.379" endtime="20230424 17:17:02.379"/>
</kw>
<kw name="Execute Command" library="SSHLibrary">
<var>${cpu_mem}</var>
<arg>ps -p ${pid} -o %cpu,%mem,cmd</arg>
<doc>Executes ``command`` on the remote machine and returns its outputs.</doc>
<msg timestamp="20230424 17:17:02.380" level="INFO">Executing command 'ps -p 3327 -o %cpu,%mem,cmd'.</msg>
<msg timestamp="20230424 17:17:02.422" level="INFO">Command exited with return code 0.</msg>
<msg timestamp="20230424 17:17:02.422" level="INFO">${cpu_mem} = %CPU %MEM CMD
 0.0  0.2 python3 /home/pavan/pavan32l.py</msg>
<status status="PASS" starttime="20230424 17:17:02.380" endtime="20230424 17:17:02.422"/>
</kw>
<kw name="Log To Console" library="BuiltIn">
<arg>Cpu and mem Usage of new task is \n ${cpu_mem}</arg>
<doc>Logs the given message to the console.</doc>
<status status="PASS" starttime="20230424 17:17:02.422" endtime="20230424 17:17:02.423"/>
</kw>
<kw name="Execute Command" library="SSHLibrary">
<arg>kill -9 ${pid}</arg>
<doc>Executes ``command`` on the remote machine and returns its outputs.</doc>
<msg timestamp="20230424 17:17:02.424" level="INFO">Executing command 'kill -9 3327'.</msg>
<msg timestamp="20230424 17:17:02.478" level="INFO">Command exited with return code 0.</msg>
<status status="PASS" starttime="20230424 17:17:02.424" endtime="20230424 17:17:02.478"/>
</kw>
<kw name="Set Variable" library="BuiltIn">
<var>${ps_out}</var>
<arg>ps aux |grep ${pid}</arg>
<doc>Returns the given values which can then be assigned to a variables.</doc>
<msg timestamp="20230424 17:17:02.479" level="INFO">${ps_out} = ps aux |grep 3327</msg>
<status status="PASS" starttime="20230424 17:17:02.479" endtime="20230424 17:17:02.479"/>
</kw>
<kw name="Execute Command" library="SSHLibrary">
<var>${pout}</var>
<arg>${ps_out}</arg>
<doc>Executes ``command`` on the remote machine and returns its outputs.</doc>
<msg timestamp="20230424 17:17:02.480" level="INFO">Executing command 'ps aux |grep 3327'.</msg>
<msg timestamp="20230424 17:17:02.537" level="INFO">Command exited with return code 0.</msg>
<msg timestamp="20230424 17:17:02.537" level="INFO">${pout} = pavan       3334  0.0  0.0  18624  3604 ?        Ss   17:17   0:00 bash -c ps aux |grep 3327
pavan       3336  0.0  0.0  17732  2452 ?        S    17:17   0:00 grep 3327</msg>
<status status="PASS" starttime="20230424 17:17:02.480" endtime="20230424 17:17:02.537"/>
</kw>
<for flavor="IN">
<var>${i}</var>
<value>@{pout.splitlines()}</value>
<iter>
<var name="${i}">pavan       3334  0.0  0.0  18624  3604 ?        Ss   17:17   0:00 bash -c ps aux |grep 3327</var>
<if>
<branch type="IF" condition="${i.split()[1]} == ${pid}">
<kw name="${count} + 1">
<var>${count}</var>
<status status="NOT RUN" starttime="20230424 17:17:02.542" endtime="20230424 17:17:02.542"/>
</kw>
<status status="NOT RUN" starttime="20230424 17:17:02.538" endtime="20230424 17:17:02.542"/>
</branch>
<status status="PASS" starttime="20230424 17:17:02.538" endtime="20230424 17:17:02.542"/>
</if>
<status status="PASS" starttime="20230424 17:17:02.538" endtime="20230424 17:17:02.542"/>
</iter>
<iter>
<var name="${i}">pavan       3336  0.0  0.0  17732  2452 ?        S    17:17   0:00 grep 3327</var>
<if>
<branch type="IF" condition="${i.split()[1]} == ${pid}">
<kw name="${count} + 1">
<var>${count}</var>
<status status="NOT RUN" starttime="20230424 17:17:02.545" endtime="20230424 17:17:02.545"/>
</kw>
<status status="NOT RUN" starttime="20230424 17:17:02.542" endtime="20230424 17:17:02.545"/>
</branch>
<status status="PASS" starttime="20230424 17:17:02.542" endtime="20230424 17:17:02.545"/>
</if>
<status status="PASS" starttime="20230424 17:17:02.542" endtime="20230424 17:17:02.545"/>
</iter>
<status status="PASS" starttime="20230424 17:17:02.538" endtime="20230424 17:17:02.546"/>
</for>
<if>
<branch type="IF" condition="${count} == 0">
<kw name="Log To Console" library="BuiltIn">
<arg>The process with pid ${pid} is killed</arg>
<doc>Logs the given message to the console.</doc>
<status status="PASS" starttime="20230424 17:17:02.546" endtime="20230424 17:17:02.546"/>
</kw>
<status status="PASS" starttime="20230424 17:17:02.546" endtime="20230424 17:17:02.546"/>
</branch>
<branch type="ELSE">
<kw name="Log To Console" library="BuiltIn">
<arg>The process with ${pid} is not killed</arg>
<doc>Logs the given message to the console.</doc>
<status status="NOT RUN" starttime="20230424 17:17:02.546" endtime="20230424 17:17:02.546"/>
</kw>
<status status="NOT RUN" starttime="20230424 17:17:02.546" endtime="20230424 17:17:02.546"/>
</branch>
<status status="PASS" starttime="20230424 17:17:02.546" endtime="20230424 17:17:02.546"/>
</if>
<status status="PASS" starttime="20230424 17:17:02.009" endtime="20230424 17:17:02.547"/>
</test>
<status status="PASS" starttime="20230424 17:17:00.617" endtime="20230424 17:17:02.548"/>
</suite>
<status status="PASS" starttime="20230424 17:17:00.594" endtime="20230424 17:17:02.550"/>
</suite>
<statistics>
<total>
<stat pass="2" fail="0" skip="0">All Tests</stat>
</total>
<tag>
</tag>
<suite>
<stat pass="2" fail="0" skip="0" id="s1" name="pythonProject">pythonProject</stat>
<stat pass="2" fail="0" skip="0" id="s1-s1" name="Create New Task">pythonProject.Create New Task</stat>
</suite>
</statistics>
<errors>
</errors>
</robot>
